<?xml version="1.0" encoding="UTF-8"?>
<!-- Generated by org.testng.reporters.JUnitReportReporter -->
<testsuite hostname="DESKTOP-16QC0VA" failures="0" tests="1" name="com.example.AppTest" time="0.063" errors="0" timestamp="2023-04-27T18:26:30 IST" skipped="0">
  <testcase classname="com.example.AppTest" name="shouldAnswerWithTrue" time="0.063"/>
  <system-out/>
</testsuite> <!-- com.example.AppTest -->
